1553714462721:result
1553714466937:results
1553714470181:yes
1553714471908:no
1553714473916:yes
1553714477710:results
1553714481477:reset
1553714485085:results
1553789759904:yes
1553789762801:results
1553794376338:reset
1553794381744:results
1554647412320:newVote Did you like new Metro game?
1554647420470:newVote 'Did you like new Metro game?'
1554647445053:newVote DidYouLIkeMetroExodus
1554647453611:newVote
1554647502604:newVote Hello
1554647507872:newVote
1554647517351:stacktrace
1554647550878:getName
1554757798929:help
1554757816452:new-vote "This is a new vote"
1554764694573:new-vote "New vote"
1554765242212:results
1554765250701:yes
1554765672077:results
1554765748019:new-vote "Do you like Vsauce?"
1554765753989:get-name
1554765785347:results
1554765795700:end-vote
1554825072207:new-vote "Angular voting"
1554825105403:results
1554825694283:new-vote "This is fucked"
1554826030250:results
1554826052999:new-vote "I suck at this"
1554826061800:results
1554826406413:new-vote "sdgtsdfgfdgs"
